<?xml version="1.0" encoding="UTF-8"?>
<testsuite xmlns:xsi="http://www.w3.org/2001/XMLSchema-instance" xsi:noNamespaceSchemaLocation="https://maven.apache.org/surefire/maven-surefire-plugin/xsd/surefire-test-report.xsd" version="3.0.2" name="com.smartcampus.api.resource.SmartCampusApiResourceTest" time="1.86" tests="7" errors="0" skipped="0" failures="0">
  <properties>
[...]
</properties>
  <testcase name="creatingSensorWithMissingRoomReturns422" classname="com.smartcampus.api.resource.SmartCampusApiResourceTest" time="1.095">
    <system-err><![CDATA[Apr 23, 2026 4:01:21 PM org.glassfish.jersey.test.grizzly.GrizzlyTestContainerFactory$GrizzlyTestContainer <init>
INFO: Creating GrizzlyTestContainer configured at the base URI http://localhost:9998/
Apr 23, 2026 4:01:22 PM org.glassfish.jersey.server.wadl.WadlFeature configure
WARNING: JAXBContext implementation could not be found. WADL feature is disabled.
Apr 23, 2026 4:01:22 PM org.glassfish.grizzly.http.server.NetworkListener start
INFO: Started listener bound to [localhost:9998]
Apr 23, 2026 4:01:22 PM org.glassfish.grizzly.http.server.HttpServer start
INFO: [HttpServer] Started.
Apr 23, 2026 4:01:22 PM com.smartcampus.api.filter.LoggingFilter filter
INFO: REQUEST: POST http://localhost:9998/sensors
Apr 23, 2026 4:01:23 PM com.smartcampus.api.filter.LoggingFilter filter
INFO: RESPONSE: 422
Apr 23, 2026 4:01:23 PM org.glassfish.grizzly.http.server.NetworkListener shutdownNow
INFO: Stopped listener bound to [localhost:9998]
]]></system-err>
  </testcase>
  <testcase name="addingReadingUpdatesCurrentSensorValue" classname="com.smartcampus.api.resource.SmartCampusApiResourceTest" time="0.165">
    <system-err><![CDATA[Apr 23, 2026 4:01:23 PM org.glassfish.jersey.test.grizzly.GrizzlyTestContainerFactory$GrizzlyTestContainer <init>
INFO: Creating GrizzlyTestContainer configured at the base URI http://localhost:9998/
Apr 23, 2026 4:01:23 PM org.glassfish.jersey.server.wadl.WadlFeature configure
WARNING: JAXBContext implementation could not be found. WADL feature is disabled.
Apr 23, 2026 4:01:23 PM org.glassfish.grizzly.http.server.NetworkListener start
INFO: Started listener bound to [localhost:9998]
Apr 23, 2026 4:01:23 PM org.glassfish.grizzly.http.server.HttpServer start
INFO: [HttpServer-1] Started.
Apr 23, 2026 4:01:23 PM com.smartcampus.api.filter.LoggingFilter filter
INFO: REQUEST: POST http://localhost:9998/rooms
Apr 23, 2026 4:01:23 PM com.smartcampus.api.filter.LoggingFilter filter
INFO: RESPONSE: 201
Apr 23, 2026 4:01:23 PM com.smartcampus.api.filter.LoggingFilter filter
INFO: REQUEST: POST http://localhost:9998/sensors
Apr 23, 2026 4:01:23 PM com.smartcampus.api.filter.LoggingFilter filter
INFO: RESPONSE: 201
Apr 23, 2026 4:01:23 PM com.smartcampus.api.filter.LoggingFilter filter
INFO: REQUEST: POST http://localhost:9998/sensors/23f4da1f-33d3-4d22-97a9-18c3f1de8fa9/readings
Apr 23, 2026 4:01:23 PM com.smartcampus.api.filter.LoggingFilter filter
INFO: RESPONSE: 201
Apr 23, 2026 4:01:23 PM com.smartcampus.api.filter.LoggingFilter filter
INFO: REQUEST: GET http://localhost:9998/sensors/23f4da1f-33d3-4d22-97a9-18c3f1de8fa9/readings
Apr 23, 2026 4:01:23 PM com.smartcampus.api.filter.LoggingFilter filter
INFO: RESPONSE: 200
Apr 23, 2026 4:01:23 PM org.glassfish.grizzly.http.server.NetworkListener shutdownNow
INFO: Stopped listener bound to [localhost:9998]
]]></system-err>
  </testcase>
  <testcase name="deleteRoomWithSensorsReturns409" classname="com.smartcampus.api.resource.SmartCampusApiResourceTest" time="0.126">
    <system-err><![CDATA[Apr 23, 2026 4:01:23 PM org.glassfish.jersey.test.grizzly.GrizzlyTestContainerFactory$GrizzlyTestContainer <init>
INFO: Creating GrizzlyTestContainer configured at the base URI http://localhost:9998/
Apr 23, 2026 4:01:23 PM org.glassfish.jersey.server.wadl.WadlFeature configure
WARNING: JAXBContext implementation could not be found. WADL feature is disabled.
Apr 23, 2026 4:01:23 PM org.glassfish.grizzly.http.server.NetworkListener start
INFO: Started listener bound to [localhost:9998]
Apr 23, 2026 4:01:23 PM org.glassfish.grizzly.http.server.HttpServer start
INFO: [HttpServer-2] Started.
Apr 23, 2026 4:01:23 PM com.smartcampus.api.filter.LoggingFilter filter
INFO: REQUEST: POST http://localhost:9998/rooms
Apr 23, 2026 4:01:23 PM com.smartcampus.api.filter.LoggingFilter filter
INFO: RESPONSE: 201
Apr 23, 2026 4:01:23 PM com.smartcampus.api.filter.LoggingFilter filter
INFO: REQUEST: POST http://localhost:9998/sensors
Apr 23, 2026 4:01:23 PM com.smartcampus.api.filter.LoggingFilter filter
INFO: RESPONSE: 201
Apr 23, 2026 4:01:23 PM com.smartcampus.api.filter.LoggingFilter filter
INFO: REQUEST: DELETE http://localhost:9998/rooms/9302dc44-529a-4045-a27a-fcad8562e211
Apr 23, 2026 4:01:23 PM com.smartcampus.api.filter.LoggingFilter filter
INFO: RESPONSE: 409
Apr 23, 2026 4:01:23 PM org.glassfish.grizzly.http.server.NetworkListener shutdownNow
INFO: Stopped listener bound to [localhost:9998]
]]></system-err>
  </testcase>
  <testcase name="roomLifecycleCreateGetAndDelete" classname="com.smartcampus.api.resource.SmartCampusApiResourceTest" time="0.102">
    <system-err><![CDATA[Apr 23, 2026 4:01:23 PM org.glassfish.jersey.test.grizzly.GrizzlyTestContainerFactory$GrizzlyTestContainer <init>
INFO: Creating GrizzlyTestContainer configured at the base URI http://localhost:9998/
Apr 23, 2026 4:01:23 PM org.glassfish.jersey.server.wadl.WadlFeature configure
WARNING: JAXBContext implementation could not be found. WADL feature is disabled.
Apr 23, 2026 4:01:23 PM org.glassfish.grizzly.http.server.NetworkListener start
INFO: Started listener bound to [localhost:9998]
Apr 23, 2026 4:01:23 PM org.glassfish.grizzly.http.server.HttpServer start
INFO: [HttpServer-3] Started.
Apr 23, 2026 4:01:23 PM com.smartcampus.api.filter.LoggingFilter filter
INFO: REQUEST: POST http://localhost:9998/rooms
Apr 23, 2026 4:01:23 PM com.smartcampus.api.filter.LoggingFilter filter
INFO: RESPONSE: 201
Apr 23, 2026 4:01:23 PM com.smartcampus.api.filter.LoggingFilter filter
INFO: REQUEST: GET http://localhost:9998/rooms/c408e0ce-3116-481c-ad2e-759f72d96c8e
Apr 23, 2026 4:01:23 PM com.smartcampus.api.filter.LoggingFilter filter
INFO: RESPONSE: 200
Apr 23, 2026 4:01:23 PM com.smartcampus.api.filter.LoggingFilter filter
INFO: REQUEST: DELETE http://localhost:9998/rooms/c408e0ce-3116-481c-ad2e-759f72d96c8e
Apr 23, 2026 4:01:23 PM com.smartcampus.api.filter.LoggingFilter filter
INFO: RESPONSE: 204
Apr 23, 2026 4:01:23 PM org.glassfish.grizzly.http.server.NetworkListener shutdownNow
INFO: Stopped listener bound to [localhost:9998]
]]></system-err>
  </testcase>
  <testcase name="discoveryEndpointReturnsApiMetadata" classname="com.smartcampus.api.resource.SmartCampusApiResourceTest" time="0.082">
    <system-err><![CDATA[Apr 23, 2026 4:01:23 PM org.glassfish.jersey.test.grizzly.GrizzlyTestContainerFactory$GrizzlyTestContainer <init>
INFO: Creating GrizzlyTestContainer configured at the base URI http://localhost:9998/
Apr 23, 2026 4:01:23 PM org.glassfish.jersey.server.wadl.WadlFeature configure
WARNING: JAXBContext implementation could not be found. WADL feature is disabled.
Apr 23, 2026 4:01:23 PM org.glassfish.grizzly.http.server.NetworkListener start
INFO: Started listener bound to [localhost:9998]
Apr 23, 2026 4:01:23 PM org.glassfish.grizzly.http.server.HttpServer start
INFO: [HttpServer-4] Started.
Apr 23, 2026 4:01:23 PM com.smartcampus.api.filter.LoggingFilter filter
INFO: REQUEST: GET http://localhost:9998/
Apr 23, 2026 4:01:23 PM com.smartcampus.api.filter.LoggingFilter filter
INFO: RESPONSE: 200
Apr 23, 2026 4:01:23 PM org.glassfish.grizzly.http.server.NetworkListener shutdownNow
INFO: Stopped listener bound to [localhost:9998]
]]></system-err>
  </testcase>
  <testcase name="sensorsCanBeFilteredByType" classname="com.smartcampus.api.resource.SmartCampusApiResourceTest" time="0.109">
    <system-err><![CDATA[Apr 23, 2026 4:01:23 PM org.glassfish.jersey.test.grizzly.GrizzlyTestContainerFactory$GrizzlyTestContainer <init>
INFO: Creating GrizzlyTestContainer configured at the base URI http://localhost:9998/
Apr 23, 2026 4:01:23 PM org.glassfish.jersey.server.wadl.WadlFeature configure
WARNING: JAXBContext implementation could not be found. WADL feature is disabled.
Apr 23, 2026 4:01:23 PM org.glassfish.grizzly.http.server.NetworkListener start
INFO: Started listener bound to [localhost:9998]
Apr 23, 2026 4:01:23 PM org.glassfish.grizzly.http.server.HttpServer start
INFO: [HttpServer-5] Started.
Apr 23, 2026 4:01:23 PM com.smartcampus.api.filter.LoggingFilter filter
INFO: REQUEST: POST http://localhost:9998/rooms
Apr 23, 2026 4:01:23 PM com.smartcampus.api.filter.LoggingFilter filter
INFO: RESPONSE: 201
Apr 23, 2026 4:01:23 PM com.smartcampus.api.filter.LoggingFilter filter
INFO: REQUEST: POST http://localhost:9998/sensors
Apr 23, 2026 4:01:23 PM com.smartcampus.api.filter.LoggingFilter filter
INFO: RESPONSE: 201
Apr 23, 2026 4:01:23 PM com.smartcampus.api.filter.LoggingFilter filter
INFO: REQUEST: POST http://localhost:9998/sensors
Apr 23, 2026 4:01:23 PM com.smartcampus.api.filter.LoggingFilter filter
INFO: RESPONSE: 201
Apr 23, 2026 4:01:23 PM com.smartcampus.api.filter.LoggingFilter filter
INFO: REQUEST: GET http://localhost:9998/sensors?type=CO2
Apr 23, 2026 4:01:23 PM com.smartcampus.api.filter.LoggingFilter filter
INFO: RESPONSE: 200
Apr 23, 2026 4:01:23 PM org.glassfish.grizzly.http.server.NetworkListener shutdownNow
INFO: Stopped listener bound to [localhost:9998]
]]></system-err>
  </testcase>
  <testcase name="addingReadingToUnavailableSensorReturns403" classname="com.smartcampus.api.resource.SmartCampusApiResourceTest" time="0.096">
    <system-err><![CDATA[Apr 23, 2026 4:01:23 PM org.glassfish.jersey.test.grizzly.GrizzlyTestContainerFactory$GrizzlyTestContainer <init>
INFO: Creating GrizzlyTestContainer configured at the base URI http://localhost:9998/
Apr 23, 2026 4:01:23 PM org.glassfish.jersey.server.wadl.WadlFeature configure
WARNING: JAXBContext implementation could not be found. WADL feature is disabled.
Apr 23, 2026 4:01:23 PM org.glassfish.grizzly.http.server.NetworkListener start
INFO: Started listener bound to [localhost:9998]
Apr 23, 2026 4:01:23 PM org.glassfish.grizzly.http.server.HttpServer start
INFO: [HttpServer-6] Started.
Apr 23, 2026 4:01:23 PM com.smartcampus.api.filter.LoggingFilter filter
INFO: REQUEST: POST http://localhost:9998/rooms
Apr 23, 2026 4:01:23 PM com.smartcampus.api.filter.LoggingFilter filter
INFO: RESPONSE: 201
Apr 23, 2026 4:01:23 PM com.smartcampus.api.filter.LoggingFilter filter
INFO: REQUEST: POST http://localhost:9998/sensors
Apr 23, 2026 4:01:23 PM com.smartcampus.api.filter.LoggingFilter filter
INFO: RESPONSE: 201
Apr 23, 2026 4:01:23 PM com.smartcampus.api.filter.LoggingFilter filter
INFO: REQUEST: POST http://localhost:9998/sensors/b8a205bf-77fb-4932-be35-c92f4c88a8e0/readings
Apr 23, 2026 4:01:23 PM com.smartcampus.api.filter.LoggingFilter filter
INFO: RESPONSE: 403
Apr 23, 2026 4:01:23 PM org.glassfish.grizzly.http.server.NetworkListener shutdownNow
INFO: Stopped listener bound to [localhost:9998]
]]></system-err>
  </testcase>
</testsuite>