<?xml version="1.0" encoding="UTF-8"?>
<testsuite xmlns:xsi="http://www.w3.org/2001/XMLSchema-instance" xsi:noNamespaceSchemaLocation="https://maven.apache.org/surefire/maven-surefire-plugin/xsd/surefire-test-report.xsd" version="3.0.2" name="com.smartcampus.api.resource.SmartCampusApiResourceTest" time="1.413" tests="7" errors="0" skipped="0" failures="7">
  <properties>
[...]
</properties>
  <testcase name="creatingSensorWithMissingRoomReturns422" classname="com.smartcampus.api.resource.SmartCampusApiResourceTest" time="0.88">
    <failure message="expected: &lt;422&gt; but was: &lt;404&gt;" type="org.opentest4j.AssertionFailedError"><![CDATA[org.opentest4j.AssertionFailedError: expected: <422> but was: <404>
	at org.junit.jupiter.api.AssertionFailureBuilder.build(AssertionFailureBuilder.java:151)
	at org.junit.jupiter.api.AssertionFailureBuilder.buildAndThrow(AssertionFailureBuilder.java:132)
	at org.junit.jupiter.api.AssertEquals.failNotEqual(AssertEquals.java:197)
	at org.junit.jupiter.api.AssertEquals.assertEquals(AssertEquals.java:150)
	at org.junit.jupiter.api.AssertEquals.assertEquals(AssertEquals.java:145)
	at org.junit.jupiter.api.Assertions.assertEquals(Assertions.java:531)
	at com.smartcampus.api.resource.SmartCampusApiResourceTest.creatingSensorWithMissingRoomReturns422(SmartCampusApiResourceTest.java:84)
	at java.base/java.lang.reflect.Method.invoke(Method.java:565)
	at java.base/java.util.ArrayList.forEach(ArrayList.java:1604)
	at java.base/java.util.ArrayList.forEach(ArrayList.java:1604)
]]></failure>
    <system-err><![CDATA[Apr 23, 2026 3:07:33 PM org.glassfish.jersey.test.grizzly.GrizzlyTestContainerFactory$GrizzlyTestContainer <init>
INFO: Creating GrizzlyTestContainer configured at the base URI http://localhost:9998/
Apr 23, 2026 3:07:34 PM org.glassfish.jersey.server.wadl.WadlFeature configure
WARNING: JAXBContext implementation could not be found. WADL feature is disabled.
Apr 23, 2026 3:07:34 PM org.glassfish.grizzly.http.server.NetworkListener start
INFO: Started listener bound to [localhost:9998]
Apr 23, 2026 3:07:34 PM org.glassfish.grizzly.http.server.HttpServer start
INFO: [HttpServer] Started.
Apr 23, 2026 3:07:34 PM com.smartcampus.api.filter.LoggingFilter filter
INFO: 404
Apr 23, 2026 3:07:34 PM org.glassfish.grizzly.http.server.NetworkListener shutdownNow
INFO: Stopped listener bound to [localhost:9998]
]]></system-err>
  </testcase>
  <testcase name="addingReadingUpdatesCurrentSensorValue" classname="com.smartcampus.api.resource.SmartCampusApiResourceTest" time="0.097">
    <failure message="expected: &lt;201&gt; but was: &lt;404&gt;" type="org.opentest4j.AssertionFailedError"><![CDATA[org.opentest4j.AssertionFailedError: expected: <201> but was: <404>
	at org.junit.jupiter.api.AssertionFailureBuilder.build(AssertionFailureBuilder.java:151)
	at org.junit.jupiter.api.AssertionFailureBuilder.buildAndThrow(AssertionFailureBuilder.java:132)
	at org.junit.jupiter.api.AssertEquals.failNotEqual(AssertEquals.java:197)
	at org.junit.jupiter.api.AssertEquals.assertEquals(AssertEquals.java:150)
	at org.junit.jupiter.api.AssertEquals.assertEquals(AssertEquals.java:145)
	at org.junit.jupiter.api.Assertions.assertEquals(Assertions.java:531)
	at com.smartcampus.api.resource.SmartCampusApiResourceTest.createRoom(SmartCampusApiResourceTest.java:155)
	at com.smartcampus.api.resource.SmartCampusApiResourceTest.addingReadingUpdatesCurrentSensorValue(SmartCampusApiResourceTest.java:108)
	at java.base/java.lang.reflect.Method.invoke(Method.java:565)
	at java.base/java.util.ArrayList.forEach(ArrayList.java:1604)
	at java.base/java.util.ArrayList.forEach(ArrayList.java:1604)
]]></failure>
    <system-err><![CDATA[Apr 23, 2026 3:07:34 PM org.glassfish.jersey.test.grizzly.GrizzlyTestContainerFactory$GrizzlyTestContainer <init>
INFO: Creating GrizzlyTestContainer configured at the base URI http://localhost:9998/
Apr 23, 2026 3:07:34 PM org.glassfish.jersey.server.wadl.WadlFeature configure
WARNING: JAXBContext implementation could not be found. WADL feature is disabled.
Apr 23, 2026 3:07:34 PM org.glassfish.grizzly.http.server.NetworkListener start
INFO: Started listener bound to [localhost:9998]
Apr 23, 2026 3:07:34 PM org.glassfish.grizzly.http.server.HttpServer start
INFO: [HttpServer-1] Started.
Apr 23, 2026 3:07:34 PM com.smartcampus.api.filter.LoggingFilter filter
INFO: 404
Apr 23, 2026 3:07:34 PM org.glassfish.grizzly.http.server.NetworkListener shutdownNow
INFO: Stopped listener bound to [localhost:9998]
]]></system-err>
  </testcase>
  <testcase name="deleteRoomWithSensorsReturns409" classname="com.smartcampus.api.resource.SmartCampusApiResourceTest" time="0.09">
    <failure message="expected: &lt;201&gt; but was: &lt;404&gt;" type="org.opentest4j.AssertionFailedError"><![CDATA[org.opentest4j.AssertionFailedError: expected: <201> but was: <404>
	at org.junit.jupiter.api.AssertionFailureBuilder.build(AssertionFailureBuilder.java:151)
	at org.junit.jupiter.api.AssertionFailureBuilder.buildAndThrow(AssertionFailureBuilder.java:132)
	at org.junit.jupiter.api.AssertEquals.failNotEqual(AssertEquals.java:197)
	at org.junit.jupiter.api.AssertEquals.assertEquals(AssertEquals.java:150)
	at org.junit.jupiter.api.AssertEquals.assertEquals(AssertEquals.java:145)
	at org.junit.jupiter.api.Assertions.assertEquals(Assertions.java:531)
	at com.smartcampus.api.resource.SmartCampusApiResourceTest.createRoom(SmartCampusApiResourceTest.java:155)
	at com.smartcampus.api.resource.SmartCampusApiResourceTest.deleteRoomWithSensorsReturns409(SmartCampusApiResourceTest.java:66)
	at java.base/java.lang.reflect.Method.invoke(Method.java:565)
	at java.base/java.util.ArrayList.forEach(ArrayList.java:1604)
	at java.base/java.util.ArrayList.forEach(ArrayList.java:1604)
]]></failure>
    <system-err><![CDATA[Apr 23, 2026 3:07:34 PM org.glassfish.jersey.test.grizzly.GrizzlyTestContainerFactory$GrizzlyTestContainer <init>
INFO: Creating GrizzlyTestContainer configured at the base URI http://localhost:9998/
Apr 23, 2026 3:07:34 PM org.glassfish.jersey.server.wadl.WadlFeature configure
WARNING: JAXBContext implementation could not be found. WADL feature is disabled.
Apr 23, 2026 3:07:34 PM org.glassfish.grizzly.http.server.NetworkListener start
INFO: Started listener bound to [localhost:9998]
Apr 23, 2026 3:07:34 PM org.glassfish.grizzly.http.server.HttpServer start
INFO: [HttpServer-2] Started.
Apr 23, 2026 3:07:34 PM com.smartcampus.api.filter.LoggingFilter filter
INFO: 404
Apr 23, 2026 3:07:34 PM org.glassfish.grizzly.http.server.NetworkListener shutdownNow
INFO: Stopped listener bound to [localhost:9998]
]]></system-err>
  </testcase>
  <testcase name="roomLifecycleCreateGetAndDelete" classname="com.smartcampus.api.resource.SmartCampusApiResourceTest" time="0.078">
    <failure message="expected: &lt;201&gt; but was: &lt;404&gt;" type="org.opentest4j.AssertionFailedError"><![CDATA[org.opentest4j.AssertionFailedError: expected: <201> but was: <404>
	at org.junit.jupiter.api.AssertionFailureBuilder.build(AssertionFailureBuilder.java:151)
	at org.junit.jupiter.api.AssertionFailureBuilder.buildAndThrow(AssertionFailureBuilder.java:132)
	at org.junit.jupiter.api.AssertEquals.failNotEqual(AssertEquals.java:197)
	at org.junit.jupiter.api.AssertEquals.assertEquals(AssertEquals.java:150)
	at org.junit.jupiter.api.AssertEquals.assertEquals(AssertEquals.java:145)
	at org.junit.jupiter.api.Assertions.assertEquals(Assertions.java:531)
	at com.smartcampus.api.resource.SmartCampusApiResourceTest.createRoom(SmartCampusApiResourceTest.java:155)
	at com.smartcampus.api.resource.SmartCampusApiResourceTest.roomLifecycleCreateGetAndDelete(SmartCampusApiResourceTest.java:51)
	at java.base/java.lang.reflect.Method.invoke(Method.java:565)
	at java.base/java.util.ArrayList.forEach(ArrayList.java:1604)
	at java.base/java.util.ArrayList.forEach(ArrayList.java:1604)
]]></failure>
    <system-err><![CDATA[Apr 23, 2026 3:07:34 PM org.glassfish.jersey.test.grizzly.GrizzlyTestContainerFactory$GrizzlyTestContainer <init>
INFO: Creating GrizzlyTestContainer configured at the base URI http://localhost:9998/
Apr 23, 2026 3:07:34 PM org.glassfish.jersey.server.wadl.WadlFeature configure
WARNING: JAXBContext implementation could not be found. WADL feature is disabled.
Apr 23, 2026 3:07:35 PM org.glassfish.grizzly.http.server.NetworkListener start
INFO: Started listener bound to [localhost:9998]
Apr 23, 2026 3:07:35 PM org.glassfish.grizzly.http.server.HttpServer start
INFO: [HttpServer-3] Started.
Apr 23, 2026 3:07:35 PM com.smartcampus.api.filter.LoggingFilter filter
INFO: 404
Apr 23, 2026 3:07:35 PM org.glassfish.grizzly.http.server.NetworkListener shutdownNow
INFO: Stopped listener bound to [localhost:9998]
]]></system-err>
  </testcase>
  <testcase name="discoveryEndpointReturnsApiMetadata" classname="com.smartcampus.api.resource.SmartCampusApiResourceTest" time="0.066">
    <failure message="expected: &lt;200&gt; but was: &lt;404&gt;" type="org.opentest4j.AssertionFailedError"><![CDATA[org.opentest4j.AssertionFailedError: expected: <200> but was: <404>
	at org.junit.jupiter.api.AssertionFailureBuilder.build(AssertionFailureBuilder.java:151)
	at org.junit.jupiter.api.AssertionFailureBuilder.buildAndThrow(AssertionFailureBuilder.java:132)
	at org.junit.jupiter.api.AssertEquals.failNotEqual(AssertEquals.java:197)
	at org.junit.jupiter.api.AssertEquals.assertEquals(AssertEquals.java:150)
	at org.junit.jupiter.api.AssertEquals.assertEquals(AssertEquals.java:145)
	at org.junit.jupiter.api.Assertions.assertEquals(Assertions.java:531)
	at com.smartcampus.api.resource.SmartCampusApiResourceTest.discoveryEndpointReturnsApiMetadata(SmartCampusApiResourceTest.java:38)
	at java.base/java.lang.reflect.Method.invoke(Method.java:565)
	at java.base/java.util.ArrayList.forEach(ArrayList.java:1604)
	at java.base/java.util.ArrayList.forEach(ArrayList.java:1604)
]]></failure>
    <system-err><![CDATA[Apr 23, 2026 3:07:35 PM org.glassfish.jersey.test.grizzly.GrizzlyTestContainerFactory$GrizzlyTestContainer <init>
INFO: Creating GrizzlyTestContainer configured at the base URI http://localhost:9998/
Apr 23, 2026 3:07:35 PM org.glassfish.jersey.server.wadl.WadlFeature configure
WARNING: JAXBContext implementation could not be found. WADL feature is disabled.
Apr 23, 2026 3:07:35 PM org.glassfish.grizzly.http.server.NetworkListener start
INFO: Started listener bound to [localhost:9998]
Apr 23, 2026 3:07:35 PM org.glassfish.grizzly.http.server.HttpServer start
INFO: [HttpServer-4] Started.
Apr 23, 2026 3:07:35 PM com.smartcampus.api.filter.LoggingFilter filter
INFO: 404
Apr 23, 2026 3:07:35 PM org.glassfish.grizzly.http.server.NetworkListener shutdownNow
INFO: Stopped listener bound to [localhost:9998]
]]></system-err>
  </testcase>
  <testcase name="sensorsCanBeFilteredByType" classname="com.smartcampus.api.resource.SmartCampusApiResourceTest" time="0.066">
    <failure message="expected: &lt;201&gt; but was: &lt;404&gt;" type="org.opentest4j.AssertionFailedError"><![CDATA[org.opentest4j.AssertionFailedError: expected: <201> but was: <404>
	at org.junit.jupiter.api.AssertionFailureBuilder.build(AssertionFailureBuilder.java:151)
	at org.junit.jupiter.api.AssertionFailureBuilder.buildAndThrow(AssertionFailureBuilder.java:132)
	at org.junit.jupiter.api.AssertEquals.failNotEqual(AssertEquals.java:197)
	at org.junit.jupiter.api.AssertEquals.assertEquals(AssertEquals.java:150)
	at org.junit.jupiter.api.AssertEquals.assertEquals(AssertEquals.java:145)
	at org.junit.jupiter.api.Assertions.assertEquals(Assertions.java:531)
	at com.smartcampus.api.resource.SmartCampusApiResourceTest.createRoom(SmartCampusApiResourceTest.java:155)
	at com.smartcampus.api.resource.SmartCampusApiResourceTest.sensorsCanBeFilteredByType(SmartCampusApiResourceTest.java:93)
	at java.base/java.lang.reflect.Method.invoke(Method.java:565)
	at java.base/java.util.ArrayList.forEach(ArrayList.java:1604)
	at java.base/java.util.ArrayList.forEach(ArrayList.java:1604)
]]></failure>
    <system-err><![CDATA[Apr 23, 2026 3:07:35 PM org.glassfish.jersey.test.grizzly.GrizzlyTestContainerFactory$GrizzlyTestContainer <init>
INFO: Creating GrizzlyTestContainer configured at the base URI http://localhost:9998/
Apr 23, 2026 3:07:35 PM org.glassfish.jersey.server.wadl.WadlFeature configure
WARNING: JAXBContext implementation could not be found. WADL feature is disabled.
Apr 23, 2026 3:07:35 PM org.glassfish.grizzly.http.server.NetworkListener start
INFO: Started listener bound to [localhost:9998]
Apr 23, 2026 3:07:35 PM org.glassfish.grizzly.http.server.HttpServer start
INFO: [HttpServer-5] Started.
Apr 23, 2026 3:07:35 PM com.smartcampus.api.filter.LoggingFilter filter
INFO: 404
Apr 23, 2026 3:07:35 PM org.glassfish.grizzly.http.server.NetworkListener shutdownNow
INFO: Stopped listener bound to [localhost:9998]
]]></system-err>
  </testcase>
  <testcase name="addingReadingToUnavailableSensorReturns403" classname="com.smartcampus.api.resource.SmartCampusApiResourceTest" time="0.065">
    <failure message="expected: &lt;201&gt; but was: &lt;404&gt;" type="org.opentest4j.AssertionFailedError"><![CDATA[org.opentest4j.AssertionFailedError: expected: <201> but was: <404>
	at org.junit.jupiter.api.AssertionFailureBuilder.build(AssertionFailureBuilder.java:151)
	at org.junit.jupiter.api.AssertionFailureBuilder.buildAndThrow(AssertionFailureBuilder.java:132)
	at org.junit.jupiter.api.AssertEquals.failNotEqual(AssertEquals.java:197)
	at org.junit.jupiter.api.AssertEquals.assertEquals(AssertEquals.java:150)
	at org.junit.jupiter.api.AssertEquals.assertEquals(AssertEquals.java:145)
	at org.junit.jupiter.api.Assertions.assertEquals(Assertions.java:531)
	at com.smartcampus.api.resource.SmartCampusApiResourceTest.createRoom(SmartCampusApiResourceTest.java:155)
	at com.smartcampus.api.resource.SmartCampusApiResourceTest.addingReadingToUnavailableSensorReturns403(SmartCampusApiResourceTest.java:132)
	at java.base/java.lang.reflect.Method.invoke(Method.java:565)
	at java.base/java.util.ArrayList.forEach(ArrayList.java:1604)
	at java.base/java.util.ArrayList.forEach(ArrayList.java:1604)
]]></failure>
    <system-err><![CDATA[Apr 23, 2026 3:07:35 PM org.glassfish.jersey.test.grizzly.GrizzlyTestContainerFactory$GrizzlyTestContainer <init>
INFO: Creating GrizzlyTestContainer configured at the base URI http://localhost:9998/
Apr 23, 2026 3:07:35 PM org.glassfish.jersey.server.wadl.WadlFeature configure
WARNING: JAXBContext implementation could not be found. WADL feature is disabled.
Apr 23, 2026 3:07:35 PM org.glassfish.grizzly.http.server.NetworkListener start
INFO: Started listener bound to [localhost:9998]
Apr 23, 2026 3:07:35 PM org.glassfish.grizzly.http.server.HttpServer start
INFO: [HttpServer-6] Started.
Apr 23, 2026 3:07:35 PM com.smartcampus.api.filter.LoggingFilter filter
INFO: 404
Apr 23, 2026 3:07:35 PM org.glassfish.grizzly.http.server.NetworkListener shutdownNow
INFO: Stopped listener bound to [localhost:9998]
]]></system-err>
  </testcase>
</testsuite>